2025-09-08 16:41:14.568 INFO: ===========VERIFYING SETTINGS===========
2025-09-08 16:41:14.569 INFO: Process group initialized: True
2025-09-08 16:41:14.569 INFO: Processes: 8
2025-09-08 16:41:14.569 INFO: MACE version: 0.3.13
2025-09-08 16:41:14.570 INFO: CUDA version: None, CUDA device: 0
2025-09-08 16:41:14.623 INFO: ===========LOADING INPUT DATA===========
2025-09-08 16:41:14.623 INFO: Using heads: ['Default']
2025-09-08 16:41:14.623 INFO: Using the key specifications to parse data:
2025-09-08 16:41:14.624 INFO: Default: KeySpecification(info_keys={'energy': 'energy_xtb', 'stress': 'REF_stress', 'virials': 'REF_virials', 'dipole': 'dipole', 'head': 'head'}, arrays_keys={'forces': 'forces_xtb', 'charges': 'REF_charges'})
2025-09-08 16:41:14.624 INFO: =============    Processing head Default     ===========
2025-09-08 16:41:14.728 INFO: Using isolated atom energies from training file
2025-09-08 16:41:14.740 INFO: Training set 1/1 [energy: 200, stress: 0, virials: 0, dipole components: 0, head: 200, forces: 200, charges: 0]
2025-09-08 16:41:14.741 INFO: Total Training set [energy: 200, stress: 0, virials: 0, dipole components: 0, head: 200, forces: 200, charges: 0]
2025-09-08 16:41:14.741 INFO: No validation set provided, splitting training data instead.
2025-09-08 16:41:14.742 INFO: Using random 10% of training set for validation with indices saved in: ./valid_indices_123.txt
2025-09-08 16:41:14.744 INFO: Random Split Training set [energy: 180, stress: 0, virials: 0, dipole components: 0, head: 180, forces: 180, charges: 0]
2025-09-08 16:41:14.747 INFO: Random Split Validation set [energy: 20, stress: 0, virials: 0, dipole components: 0, head: 20, forces: 20, charges: 0]
2025-09-08 16:41:15.180 INFO: Test set 1/1 [energy: 1000, stress: 0, virials: 0, dipole components: 0, head: 1000, forces: 1000, charges: 0]
2025-09-08 16:41:15.190 INFO: Total Test set [energy: 1000, stress: 0, virials: 0, dipole components: 0, head: 1000, forces: 1000, charges: 0]
2025-09-08 16:41:15.191 INFO: Total number of configurations: train=180, valid=20, tests=[Default_Default: 1000],
2025-09-08 16:41:15.192 INFO: Atomic Numbers used: [1, 6, 8]
2025-09-08 16:41:15.193 INFO: Atomic Energies used (z: eV) for head Default: {1: -10.707211383396714, 6: -48.847445262804705, 8: -102.57117256025786}
2025-09-08 16:41:15.193 INFO: Processing datasets for head 'Default'
2025-09-08 16:41:15.287 INFO: Combining 1 list datasets for head 'Default'
2025-09-08 16:41:15.297 INFO: Head 'Default' training dataset size: 180
2025-09-08 16:41:15.298 INFO: Computing average number of neighbors
2025-09-08 16:41:16.987 INFO: Average number of neighbors: 9.862346247328155
2025-09-08 16:41:16.987 INFO: During training the following quantities will be reported: energy, forces
2025-09-08 16:41:16.988 INFO: ===========MODEL DETAILS===========
2025-09-08 16:41:17.189 INFO: Building model
2025-09-08 16:41:17.189 INFO: Message passing with 32 channels and max_L=0 (32x0e)
2025-09-08 16:41:17.189 INFO: 2 layers, each with correlation order: 3 (body order: 4) and spherical harmonics up to: l=3
2025-09-08 16:41:17.189 INFO: 8 radial and 5 basis functions
2025-09-08 16:41:17.189 INFO: Radial cutoff: 4.0 A (total receptive field for each atom: 8.0 A)
2025-09-08 16:41:17.189 INFO: Distance transform for radial basis functions: None
2025-09-08 16:41:17.189 INFO: Hidden irreps: 32x0e
2025-09-08 16:41:18.829 INFO: Total number of parameters: 67472
2025-09-08 16:41:18.829 INFO: 
2025-09-08 16:41:18.829 INFO: ===========OPTIMIZER INFORMATION===========
2025-09-08 16:41:18.829 INFO: Using ADAM as parameter optimizer
2025-09-08 16:41:18.829 INFO: Batch size: 10
2025-09-08 16:41:18.830 INFO: Number of gradient updates: 1800
2025-09-08 16:41:18.830 INFO: Learning rate: 0.01, weight decay: 5e-07
2025-09-08 16:41:18.830 INFO: WeightedEnergyForcesLoss(energy_weight=1.000, forces_weight=100.000)
2025-09-08 16:41:18.830 INFO: Stage Two (after 75 epochs) with loss function: WeightedEnergyForcesLoss(energy_weight=1000.000, forces_weight=100.000), with energy weight : 1000.0, forces weight : 100.0 and learning rate : 0.001
2025-09-08 16:41:18.958 INFO: Using gradient clipping with tolerance=10.000
2025-09-08 16:41:18.958 INFO: 
2025-09-08 16:41:18.958 INFO: ===========TRAINING===========
2025-09-08 16:41:18.958 INFO: Started training, reporting errors on validation set
2025-09-08 16:41:18.959 INFO: Loss metrics on validation set
2025-09-08 16:48:21.210 INFO: ===========VERIFYING SETTINGS===========
2025-09-08 16:48:21.212 INFO: Process group initialized: True
2025-09-08 16:48:21.212 INFO: Processes: 8
2025-09-08 16:48:21.213 INFO: MACE version: 0.3.13
2025-09-08 16:48:21.213 INFO: CUDA version: None, CUDA device: 0
2025-09-08 16:48:21.386 INFO: ===========LOADING INPUT DATA===========
2025-09-08 16:48:21.389 INFO: Using heads: ['Default']
2025-09-08 16:48:21.392 INFO: Using the key specifications to parse data:
2025-09-08 16:48:21.394 INFO: Default: KeySpecification(info_keys={'energy': 'energy_xtb', 'stress': 'REF_stress', 'virials': 'REF_virials', 'dipole': 'dipole', 'head': 'head'}, arrays_keys={'forces': 'forces_xtb', 'charges': 'REF_charges'})
2025-09-08 16:48:21.395 INFO: =============    Processing head Default     ===========
2025-09-08 16:48:21.500 INFO: Using isolated atom energies from training file
2025-09-08 16:48:21.509 INFO: Training set 1/1 [energy: 200, stress: 0, virials: 0, dipole components: 0, head: 200, forces: 200, charges: 0]
2025-09-08 16:48:21.511 INFO: Total Training set [energy: 200, stress: 0, virials: 0, dipole components: 0, head: 200, forces: 200, charges: 0]
2025-09-08 16:48:21.511 INFO: No validation set provided, splitting training data instead.
2025-09-08 16:48:21.515 INFO: Using random 10% of training set for validation with indices saved in: ./valid_indices_123.txt
2025-09-08 16:48:21.517 INFO: Random Split Training set [energy: 180, stress: 0, virials: 0, dipole components: 0, head: 180, forces: 180, charges: 0]
2025-09-08 16:48:21.517 INFO: Random Split Validation set [energy: 20, stress: 0, virials: 0, dipole components: 0, head: 20, forces: 20, charges: 0]
2025-09-08 16:48:21.947 INFO: Test set 1/1 [energy: 1000, stress: 0, virials: 0, dipole components: 0, head: 1000, forces: 1000, charges: 0]
2025-09-08 16:48:21.954 INFO: Total Test set [energy: 1000, stress: 0, virials: 0, dipole components: 0, head: 1000, forces: 1000, charges: 0]
2025-09-08 16:48:21.954 INFO: Total number of configurations: train=180, valid=20, tests=[Default_Default: 1000],
2025-09-08 16:48:21.956 INFO: Atomic Numbers used: [1, 6, 8]
2025-09-08 16:48:21.956 INFO: Atomic Energies used (z: eV) for head Default: {1: -10.707211383396714, 6: -48.847445262804705, 8: -102.57117256025786}
2025-09-08 16:48:21.956 INFO: Processing datasets for head 'Default'
2025-09-08 16:48:22.052 INFO: Combining 1 list datasets for head 'Default'
2025-09-08 16:48:22.063 INFO: Head 'Default' training dataset size: 180
2025-09-08 16:48:22.063 INFO: Computing average number of neighbors
2025-09-08 16:48:23.814 INFO: Average number of neighbors: 9.862346247328155
2025-09-08 16:48:23.814 INFO: During training the following quantities will be reported: energy, forces
2025-09-08 16:48:23.814 INFO: ===========MODEL DETAILS===========
2025-09-08 16:48:24.048 INFO: Building model
2025-09-08 16:48:24.048 INFO: Message passing with 32 channels and max_L=0 (32x0e)
2025-09-08 16:48:24.048 INFO: 2 layers, each with correlation order: 3 (body order: 4) and spherical harmonics up to: l=3
2025-09-08 16:48:24.048 INFO: 8 radial and 5 basis functions
2025-09-08 16:48:24.048 INFO: Radial cutoff: 4.0 A (total receptive field for each atom: 8.0 A)
2025-09-08 16:48:24.049 INFO: Distance transform for radial basis functions: None
2025-09-08 16:48:24.049 INFO: Hidden irreps: 32x0e
2025-09-08 16:48:25.668 INFO: Total number of parameters: 67472
2025-09-08 16:48:25.668 INFO: 
2025-09-08 16:48:25.668 INFO: ===========OPTIMIZER INFORMATION===========
2025-09-08 16:48:25.668 INFO: Using ADAM as parameter optimizer
2025-09-08 16:48:25.668 INFO: Batch size: 10
2025-09-08 16:48:25.669 INFO: Number of gradient updates: 1800
2025-09-08 16:48:25.669 INFO: Learning rate: 0.01, weight decay: 5e-07
2025-09-08 16:48:25.669 INFO: WeightedEnergyForcesLoss(energy_weight=1.000, forces_weight=100.000)
2025-09-08 16:48:25.669 INFO: Stage Two (after 75 epochs) with loss function: WeightedEnergyForcesLoss(energy_weight=1000.000, forces_weight=100.000), with energy weight : 1000.0, forces weight : 100.0 and learning rate : 0.001
2025-09-08 16:48:26.015 INFO: Using gradient clipping with tolerance=10.000
2025-09-08 16:48:26.015 INFO: 
2025-09-08 16:48:26.015 INFO: ===========TRAINING===========
2025-09-08 16:48:26.015 INFO: Started training, reporting errors on validation set
2025-09-08 16:48:26.016 INFO: Loss metrics on validation set
2025-09-08 17:02:00.806 INFO: ===========VERIFYING SETTINGS===========
2025-09-08 17:02:00.807 INFO: Process group initialized: True
2025-09-08 17:02:00.811 INFO: Processes: 8
2025-09-08 17:02:00.811 INFO: MACE version: 0.3.13
2025-09-08 17:02:00.812 INFO: CUDA version: None, CUDA device: 0
2025-09-08 17:02:00.875 INFO: ===========LOADING INPUT DATA===========
2025-09-08 17:02:00.875 INFO: Using heads: ['Default']
2025-09-08 17:02:00.875 INFO: Using the key specifications to parse data:
2025-09-08 17:02:00.875 INFO: Default: KeySpecification(info_keys={'energy': 'energy_xtb', 'stress': 'REF_stress', 'virials': 'REF_virials', 'dipole': 'dipole', 'head': 'head'}, arrays_keys={'forces': 'forces_xtb', 'charges': 'REF_charges'})
2025-09-08 17:02:00.875 INFO: =============    Processing head Default     ===========
2025-09-08 17:02:00.979 INFO: Using isolated atom energies from training file
2025-09-08 17:02:00.990 INFO: Training set 1/1 [energy: 200, stress: 0, virials: 0, dipole components: 0, head: 200, forces: 200, charges: 0]
2025-09-08 17:02:00.991 INFO: Total Training set [energy: 200, stress: 0, virials: 0, dipole components: 0, head: 200, forces: 200, charges: 0]
2025-09-08 17:02:00.991 INFO: No validation set provided, splitting training data instead.
2025-09-08 17:02:00.992 INFO: Using random 10% of training set for validation with indices saved in: ./valid_indices_123.txt
2025-09-08 17:02:00.994 INFO: Random Split Training set [energy: 180, stress: 0, virials: 0, dipole components: 0, head: 180, forces: 180, charges: 0]
2025-09-08 17:02:00.995 INFO: Random Split Validation set [energy: 20, stress: 0, virials: 0, dipole components: 0, head: 20, forces: 20, charges: 0]
2025-09-08 17:02:01.421 INFO: Test set 1/1 [energy: 1000, stress: 0, virials: 0, dipole components: 0, head: 1000, forces: 1000, charges: 0]
2025-09-08 17:02:01.428 INFO: Total Test set [energy: 1000, stress: 0, virials: 0, dipole components: 0, head: 1000, forces: 1000, charges: 0]
2025-09-08 17:02:01.429 INFO: Total number of configurations: train=180, valid=20, tests=[Default_Default: 1000],
2025-09-08 17:02:01.430 INFO: Atomic Numbers used: [1, 6, 8]
2025-09-08 17:02:01.430 INFO: Atomic Energies used (z: eV) for head Default: {1: -10.707211383396714, 6: -48.847445262804705, 8: -102.57117256025786}
2025-09-08 17:02:01.431 INFO: Processing datasets for head 'Default'
2025-09-08 17:02:01.543 INFO: Combining 1 list datasets for head 'Default'
2025-09-08 17:02:01.553 INFO: Head 'Default' training dataset size: 180
2025-09-08 17:02:01.554 INFO: Computing average number of neighbors
2025-09-08 17:02:04.135 INFO: Average number of neighbors: 9.862346247328155
2025-09-08 17:02:04.136 INFO: During training the following quantities will be reported: energy, forces
2025-09-08 17:02:04.136 INFO: ===========MODEL DETAILS===========
2025-09-08 17:02:04.469 INFO: Building model
2025-09-08 17:02:04.469 INFO: Message passing with 32 channels and max_L=0 (32x0e)
2025-09-08 17:02:04.470 INFO: 2 layers, each with correlation order: 3 (body order: 4) and spherical harmonics up to: l=3
2025-09-08 17:02:04.470 INFO: 8 radial and 5 basis functions
2025-09-08 17:02:04.470 INFO: Radial cutoff: 4.0 A (total receptive field for each atom: 8.0 A)
2025-09-08 17:02:04.470 INFO: Distance transform for radial basis functions: None
2025-09-08 17:02:04.470 INFO: Hidden irreps: 32x0e
2025-09-08 17:02:06.105 INFO: Total number of parameters: 67472
2025-09-08 17:02:06.105 INFO: 
2025-09-08 17:02:06.105 INFO: ===========OPTIMIZER INFORMATION===========
2025-09-08 17:02:06.105 INFO: Using ADAM as parameter optimizer
2025-09-08 17:02:06.106 INFO: Batch size: 2
2025-09-08 17:02:06.106 INFO: Number of gradient updates: 9000
2025-09-08 17:02:06.106 INFO: Learning rate: 0.01, weight decay: 5e-07
2025-09-08 17:02:06.106 INFO: WeightedEnergyForcesLoss(energy_weight=1.000, forces_weight=100.000)
2025-09-08 17:02:06.107 INFO: Stage Two (after 75 epochs) with loss function: WeightedEnergyForcesLoss(energy_weight=1000.000, forces_weight=100.000), with energy weight : 1000.0, forces weight : 100.0 and learning rate : 0.001
2025-09-08 17:02:06.455 INFO: Using gradient clipping with tolerance=10.000
2025-09-08 17:02:06.456 INFO: 
2025-09-08 17:02:06.456 INFO: ===========TRAINING===========
2025-09-08 17:02:06.456 INFO: Started training, reporting errors on validation set
2025-09-08 17:02:06.456 INFO: Loss metrics on validation set
2025-09-08 17:03:55.274 INFO: ===========VERIFYING SETTINGS===========
2025-09-08 17:03:55.279 INFO: Process group initialized: True
2025-09-08 17:03:55.279 INFO: Processes: 8
2025-09-08 17:03:55.279 INFO: MACE version: 0.3.13
2025-09-08 17:03:55.280 INFO: CUDA version: None, CUDA device: 0
2025-09-08 17:03:55.389 INFO: ===========LOADING INPUT DATA===========
2025-09-08 17:03:55.389 INFO: Using heads: ['Default']
2025-09-08 17:03:55.389 INFO: Using the key specifications to parse data:
2025-09-08 17:03:55.389 INFO: Default: KeySpecification(info_keys={'energy': 'energy_xtb', 'stress': 'REF_stress', 'virials': 'REF_virials', 'dipole': 'dipole', 'head': 'head'}, arrays_keys={'forces': 'forces_xtb', 'charges': 'REF_charges'})
2025-09-08 17:03:55.389 INFO: =============    Processing head Default     ===========
2025-09-08 17:03:55.497 INFO: Using isolated atom energies from training file
2025-09-08 17:03:55.508 INFO: Training set 1/1 [energy: 200, stress: 0, virials: 0, dipole components: 0, head: 200, forces: 200, charges: 0]
2025-09-08 17:03:55.509 INFO: Total Training set [energy: 200, stress: 0, virials: 0, dipole components: 0, head: 200, forces: 200, charges: 0]
2025-09-08 17:03:55.510 INFO: No validation set provided, splitting training data instead.
2025-09-08 17:03:55.523 INFO: Using random 10% of training set for validation with indices saved in: ./valid_indices_123.txt
2025-09-08 17:03:55.525 INFO: Random Split Training set [energy: 180, stress: 0, virials: 0, dipole components: 0, head: 180, forces: 180, charges: 0]
2025-09-08 17:03:55.525 INFO: Random Split Validation set [energy: 20, stress: 0, virials: 0, dipole components: 0, head: 20, forces: 20, charges: 0]
2025-09-08 17:03:55.957 INFO: Test set 1/1 [energy: 1000, stress: 0, virials: 0, dipole components: 0, head: 1000, forces: 1000, charges: 0]
2025-09-08 17:03:55.964 INFO: Total Test set [energy: 1000, stress: 0, virials: 0, dipole components: 0, head: 1000, forces: 1000, charges: 0]
2025-09-08 17:03:55.965 INFO: Total number of configurations: train=180, valid=20, tests=[Default_Default: 1000],
2025-09-08 17:03:55.966 INFO: Atomic Numbers used: [1, 6, 8]
2025-09-08 17:03:55.966 INFO: Atomic Energies used (z: eV) for head Default: {1: -10.707211383396714, 6: -48.847445262804705, 8: -102.57117256025786}
2025-09-08 17:03:55.966 INFO: Processing datasets for head 'Default'
2025-09-08 17:03:56.061 INFO: Combining 1 list datasets for head 'Default'
2025-09-08 17:03:56.071 INFO: Head 'Default' training dataset size: 180
2025-09-08 17:03:56.072 INFO: Computing average number of neighbors
2025-09-08 17:03:58.923 INFO: Average number of neighbors: 9.862346247328155
2025-09-08 17:03:58.923 INFO: During training the following quantities will be reported: energy, forces
2025-09-08 17:03:58.923 INFO: ===========MODEL DETAILS===========
2025-09-08 17:03:59.317 INFO: Building model
2025-09-08 17:03:59.318 INFO: Message passing with 32 channels and max_L=0 (32x0e)
2025-09-08 17:03:59.318 INFO: 2 layers, each with correlation order: 3 (body order: 4) and spherical harmonics up to: l=3
2025-09-08 17:03:59.318 INFO: 8 radial and 5 basis functions
2025-09-08 17:03:59.318 INFO: Radial cutoff: 4.0 A (total receptive field for each atom: 8.0 A)
2025-09-08 17:03:59.318 INFO: Distance transform for radial basis functions: None
2025-09-08 17:03:59.318 INFO: Hidden irreps: 32x0e
2025-09-08 17:04:00.960 INFO: Total number of parameters: 67472
2025-09-08 17:04:00.960 INFO: 
2025-09-08 17:04:00.960 INFO: ===========OPTIMIZER INFORMATION===========
2025-09-08 17:04:00.960 INFO: Using ADAM as parameter optimizer
2025-09-08 17:04:00.961 INFO: Batch size: 1
2025-09-08 17:04:00.961 INFO: Number of gradient updates: 18000
2025-09-08 17:04:00.961 INFO: Learning rate: 0.01, weight decay: 5e-07
2025-09-08 17:04:00.961 INFO: WeightedEnergyForcesLoss(energy_weight=1.000, forces_weight=100.000)
2025-09-08 17:04:00.962 INFO: Stage Two (after 75 epochs) with loss function: WeightedEnergyForcesLoss(energy_weight=1000.000, forces_weight=100.000), with energy weight : 1000.0, forces weight : 100.0 and learning rate : 0.001
2025-09-08 17:04:01.247 INFO: Using gradient clipping with tolerance=10.000
2025-09-08 17:04:01.247 INFO: 
2025-09-08 17:04:01.247 INFO: ===========TRAINING===========
2025-09-08 17:04:01.247 INFO: Started training, reporting errors on validation set
2025-09-08 17:04:01.247 INFO: Loss metrics on validation set
2025-09-08 17:07:44.633 INFO: ===========VERIFYING SETTINGS===========
2025-09-08 17:07:44.636 INFO: Process group initialized: True
2025-09-08 17:07:44.636 INFO: Processes: 8
2025-09-08 17:07:44.636 INFO: MACE version: 0.3.13
2025-09-08 17:07:44.636 INFO: CUDA version: None, CUDA device: 0
2025-09-08 17:07:44.694 INFO: ===========LOADING INPUT DATA===========
2025-09-08 17:07:44.694 INFO: Using heads: ['Default']
2025-09-08 17:07:44.694 INFO: Using the key specifications to parse data:
2025-09-08 17:07:44.694 INFO: Default: KeySpecification(info_keys={'energy': 'energy_xtb', 'stress': 'REF_stress', 'virials': 'REF_virials', 'dipole': 'dipole', 'head': 'head'}, arrays_keys={'forces': 'forces_xtb', 'charges': 'REF_charges'})
2025-09-08 17:07:44.694 INFO: =============    Processing head Default     ===========
2025-09-08 17:07:44.798 INFO: Using isolated atom energies from training file
2025-09-08 17:07:44.810 INFO: Training set 1/1 [energy: 200, stress: 0, virials: 0, dipole components: 0, head: 200, forces: 200, charges: 0]
2025-09-08 17:07:44.811 INFO: Total Training set [energy: 200, stress: 0, virials: 0, dipole components: 0, head: 200, forces: 200, charges: 0]
2025-09-08 17:07:44.812 INFO: No validation set provided, splitting training data instead.
2025-09-08 17:07:44.813 INFO: Using random 10% of training set for validation with indices saved in: ./valid_indices_123.txt
2025-09-08 17:07:44.815 INFO: Random Split Training set [energy: 180, stress: 0, virials: 0, dipole components: 0, head: 180, forces: 180, charges: 0]
2025-09-08 17:07:44.815 INFO: Random Split Validation set [energy: 20, stress: 0, virials: 0, dipole components: 0, head: 20, forces: 20, charges: 0]
2025-09-08 17:07:45.246 INFO: Test set 1/1 [energy: 1000, stress: 0, virials: 0, dipole components: 0, head: 1000, forces: 1000, charges: 0]
2025-09-08 17:07:45.253 INFO: Total Test set [energy: 1000, stress: 0, virials: 0, dipole components: 0, head: 1000, forces: 1000, charges: 0]
2025-09-08 17:07:45.253 INFO: Total number of configurations: train=180, valid=20, tests=[Default_Default: 1000],
2025-09-08 17:07:45.255 INFO: Atomic Numbers used: [1, 6, 8]
2025-09-08 17:07:45.255 INFO: Atomic Energies used (z: eV) for head Default: {1: -10.707211383396714, 6: -48.847445262804705, 8: -102.57117256025786}
2025-09-08 17:07:45.255 INFO: Processing datasets for head 'Default'
2025-09-08 17:07:45.371 INFO: Combining 1 list datasets for head 'Default'
2025-09-08 17:07:45.382 INFO: Head 'Default' training dataset size: 180
2025-09-08 17:07:45.383 INFO: Computing average number of neighbors
2025-09-08 17:07:48.884 INFO: Average number of neighbors: 9.862346247328155
2025-09-08 17:07:48.884 INFO: During training the following quantities will be reported: energy, forces
2025-09-08 17:07:48.884 INFO: ===========MODEL DETAILS===========
2025-09-08 17:07:49.262 INFO: Building model
2025-09-08 17:07:49.263 INFO: Message passing with 32 channels and max_L=0 (32x0e)
2025-09-08 17:07:49.263 INFO: 2 layers, each with correlation order: 3 (body order: 4) and spherical harmonics up to: l=3
2025-09-08 17:07:49.263 INFO: 8 radial and 5 basis functions
2025-09-08 17:07:49.263 INFO: Radial cutoff: 4.0 A (total receptive field for each atom: 8.0 A)
2025-09-08 17:07:49.263 INFO: Distance transform for radial basis functions: None
2025-09-08 17:07:49.263 INFO: Hidden irreps: 32x0e
2025-09-08 17:07:50.897 INFO: Total number of parameters: 67472
2025-09-08 17:07:50.897 INFO: 
2025-09-08 17:07:50.897 INFO: ===========OPTIMIZER INFORMATION===========
2025-09-08 17:07:50.897 INFO: Using ADAM as parameter optimizer
2025-09-08 17:07:50.897 INFO: Batch size: 1
2025-09-08 17:07:50.897 INFO: Number of gradient updates: 18000
2025-09-08 17:07:50.897 INFO: Learning rate: 0.01, weight decay: 5e-07
2025-09-08 17:07:50.897 INFO: WeightedEnergyForcesLoss(energy_weight=1.000, forces_weight=100.000)
2025-09-08 17:07:50.898 INFO: Stage Two (after 75 epochs) with loss function: WeightedEnergyForcesLoss(energy_weight=1000.000, forces_weight=100.000), with energy weight : 1000.0, forces weight : 100.0 and learning rate : 0.001
2025-09-08 17:07:51.018 INFO: Using gradient clipping with tolerance=10.000
2025-09-08 17:07:51.018 INFO: 
2025-09-08 17:07:51.018 INFO: ===========TRAINING===========
2025-09-08 17:07:51.018 INFO: Started training, reporting errors on validation set
2025-09-08 17:07:51.018 INFO: Loss metrics on validation set
